<?xml version="1.0" encoding="UTF-8"?>
<testng-results ignored="0" total="1" passed="1" failed="0" skipped="0">
  <reporter-output>
  </reporter-output>
  <suite started-at="2024-02-22T16:05:35 IST" name="Default suite" finished-at="2024-02-22T16:05:53 IST" duration-ms="17602">
    <groups>
    </groups>
    <test started-at="2024-02-22T16:05:35 IST" name="Default test" finished-at="2024-02-22T16:05:53 IST" duration-ms="17602">
      <class name="Programs.Screenshot">
        <test-method is-config="true" signature="beforeTest()[pri:0, instance:Programs.Screenshot@4fb0f2b9]" started-at="2024-02-22T16:05:35 IST" name="beforeTest" finished-at="2024-02-22T16:05:46 IST" duration-ms="11016" status="PASS">
          <reporter-output>
          </reporter-output>
        </test-method> <!-- beforeTest -->
        <test-method signature="alerts()[pri:0, instance:Programs.Screenshot@4fb0f2b9]" started-at="2024-02-22T16:05:46 IST" name="alerts" finished-at="2024-02-22T16:05:53 IST" duration-ms="6548" status="PASS">
          <reporter-output>
          </reporter-output>
        </test-method> <!-- alerts -->
        <test-method is-config="true" signature="afterTest()[pri:0, instance:Programs.Screenshot@4fb0f2b9]" started-at="2024-02-22T16:05:53 IST" name="afterTest" finished-at="2024-02-22T16:05:53 IST" duration-ms="2" status="PASS">
          <reporter-output>
          </reporter-output>
        </test-method> <!-- afterTest -->
      </class> <!-- Programs.Screenshot -->
    </test> <!-- Default test -->
  </suite> <!-- Default suite -->
</testng-results>
